[2025-08-28 10:51:29,397] INFO django.utils.autoreload: Watching for file changes with StatReloader
[2025-08-28 10:52:26,530] INFO django.utils.autoreload: C:\Users\juans\OneDrive - Service Marketing\Documentos\pdv_project\api\utils\logger.py changed, reloading.
[2025-08-28 10:52:27,748] INFO django.utils.autoreload: Watching for file changes with StatReloader
[2025-08-28 10:52:43,887] INFO django.utils.autoreload: C:\Users\juans\OneDrive - Service Marketing\Documentos\pdv_project\api\utils\logger.py changed, reloading.
[2025-08-28 10:52:44,469] INFO django.utils.autoreload: Watching for file changes with StatReloader
[2025-08-28 10:52:57,832] INFO django.utils.autoreload: Watching for file changes with StatReloader
[2025-08-28 10:53:14,354] INFO django.server: "GET /api/v1/products/ HTTP/1.1" 200 136
[2025-08-28 10:54:09,065] INFO django.utils.autoreload: C:\Users\juans\OneDrive - Service Marketing\Documentos\pdv_project\api\views.py changed, reloading.
[2025-08-28 10:54:10,808] INFO django.utils.autoreload: Watching for file changes with StatReloader
[2025-08-28 10:54:14,760] INFO api: Listando todos os produtos.
[2025-08-28 10:54:14,974] INFO django.server: "GET /api/v1/products/ HTTP/1.1" 200 136
[2025-08-28 10:54:55,501] INFO django.utils.autoreload: C:\Users\juans\OneDrive - Service Marketing\Documentos\pdv_project\api\views.py changed, reloading.
[2025-08-28 10:54:56,441] INFO django.utils.autoreload: Watching for file changes with StatReloader
[2025-08-28 10:54:57,216] INFO django.server: "GET /api/v1/products/ HTTP/1.1" 200 136
[2025-08-28 10:55:41,801] INFO django.utils.autoreload: C:\Users\juans\OneDrive - Service Marketing\Documentos\pdv_project\api\views.py changed, reloading.
[2025-08-28 10:55:42,682] INFO django.utils.autoreload: Watching for file changes with StatReloader
[2025-08-28 10:55:43,881] INFO api: Listando todos os produtos{}
[2025-08-28 10:55:44,151] INFO django.server: "GET /api/v1/products/ HTTP/1.1" 200 136
[2025-08-28 10:56:35,557] INFO django.utils.autoreload: C:\Users\juans\OneDrive - Service Marketing\Documentos\pdv_project\api\views.py changed, reloading.
[2025-08-28 10:56:36,834] INFO django.utils.autoreload: Watching for file changes with StatReloader
[2025-08-28 10:56:47,639] INFO django.utils.autoreload: C:\Users\juans\OneDrive - Service Marketing\Documentos\pdv_project\api\views.py changed, reloading.
[2025-08-28 10:56:48,317] INFO django.utils.autoreload: Watching for file changes with StatReloader
[2025-08-28 10:56:52,999] INFO django.utils.autoreload: C:\Users\juans\OneDrive - Service Marketing\Documentos\pdv_project\api\views.py changed, reloading.
[2025-08-28 10:56:54,124] INFO django.utils.autoreload: Watching for file changes with StatReloader
[2025-08-28 10:56:59,018] INFO django.server: "GET /api/v1/sales/ HTTP/1.1" 200 2
[2025-08-28 10:57:22,891] INFO api: Listando todos os produtos{'create_items': [{'product': '1f5959af-5710-4727-8396-334f3424db4c', 'quantity': 31}]}
[2025-08-28 10:57:23,086] ERROR django.request: Internal Server Error: /api/v1/sales/
Traceback (most recent call last):
  File "C:\Users\juans\AppData\Local\Programs\Python\Python313\Lib\site-packages\django\core\handlers\exception.py", line 55, in inner
    response = get_response(request)
  File "C:\Users\juans\AppData\Local\Programs\Python\Python313\Lib\site-packages\django\core\handlers\base.py", line 197, in _get_response
    response = wrapped_callback(request, *callback_args, **callback_kwargs)
  File "C:\Users\juans\AppData\Local\Programs\Python\Python313\Lib\site-packages\django\views\decorators\csrf.py", line 65, in _view_wrapper
    return view_func(request, *args, **kwargs)
  File "C:\Users\juans\AppData\Local\Programs\Python\Python313\Lib\site-packages\django\views\generic\base.py", line 105, in view
    return self.dispatch(request, *args, **kwargs)
           ~~~~~~~~~~~~~^^^^^^^^^^^^^^^^^^^^^^^^^^
  File "C:\Users\juans\AppData\Local\Programs\Python\Python313\Lib\site-packages\rest_framework\views.py", line 515, in dispatch
    response = self.handle_exception(exc)
  File "C:\Users\juans\AppData\Local\Programs\Python\Python313\Lib\site-packages\rest_framework\views.py", line 475, in handle_exception
    self.raise_uncaught_exception(exc)
    ~~~~~~~~~~~~~~~~~~~~~~~~~~~~~^^^^^
  File "C:\Users\juans\AppData\Local\Programs\Python\Python313\Lib\site-packages\rest_framework\views.py", line 486, in raise_uncaught_exception
    raise exc
  File "C:\Users\juans\AppData\Local\Programs\Python\Python313\Lib\site-packages\rest_framework\views.py", line 512, in dispatch
    response = handler(request, *args, **kwargs)
  File "C:\Users\juans\OneDrive - Service Marketing\Documentos\pdv_project\api\views.py", line 49, in post
    from api.controller.sale.create import create
  File "C:\Users\juans\OneDrive - Service Marketing\Documentos\pdv_project\api\controller\sale\create.py", line 3, in <module>
    from utils.logger import logger
ModuleNotFoundError: No module named 'utils'
[2025-08-28 10:57:23,100] ERROR django.server: "POST /api/v1/sales/ HTTP/1.1" 500 110981
[2025-08-28 10:59:18,018] INFO api: Listando todos os produtos{'product': '1f5959af-5710-4727-8396-334f3424db4c', 'quantity': 31}
[2025-08-28 10:59:18,178] ERROR django.request: Internal Server Error: /api/v1/sales/
Traceback (most recent call last):
  File "C:\Users\juans\AppData\Local\Programs\Python\Python313\Lib\site-packages\django\core\handlers\exception.py", line 55, in inner
    response = get_response(request)
  File "C:\Users\juans\AppData\Local\Programs\Python\Python313\Lib\site-packages\django\core\handlers\base.py", line 197, in _get_response
    response = wrapped_callback(request, *callback_args, **callback_kwargs)
  File "C:\Users\juans\AppData\Local\Programs\Python\Python313\Lib\site-packages\django\views\decorators\csrf.py", line 65, in _view_wrapper
    return view_func(request, *args, **kwargs)
  File "C:\Users\juans\AppData\Local\Programs\Python\Python313\Lib\site-packages\django\views\generic\base.py", line 105, in view
    return self.dispatch(request, *args, **kwargs)
           ~~~~~~~~~~~~~^^^^^^^^^^^^^^^^^^^^^^^^^^
  File "C:\Users\juans\AppData\Local\Programs\Python\Python313\Lib\site-packages\rest_framework\views.py", line 515, in dispatch
    response = self.handle_exception(exc)
  File "C:\Users\juans\AppData\Local\Programs\Python\Python313\Lib\site-packages\rest_framework\views.py", line 475, in handle_exception
    self.raise_uncaught_exception(exc)
    ~~~~~~~~~~~~~~~~~~~~~~~~~~~~~^^^^^
  File "C:\Users\juans\AppData\Local\Programs\Python\Python313\Lib\site-packages\rest_framework\views.py", line 486, in raise_uncaught_exception
    raise exc
  File "C:\Users\juans\AppData\Local\Programs\Python\Python313\Lib\site-packages\rest_framework\views.py", line 512, in dispatch
    response = handler(request, *args, **kwargs)
  File "C:\Users\juans\OneDrive - Service Marketing\Documentos\pdv_project\api\views.py", line 49, in post
    from api.controller.sale.create import create
  File "C:\Users\juans\OneDrive - Service Marketing\Documentos\pdv_project\api\controller\sale\create.py", line 3, in <module>
    from utils.logger import logger
ModuleNotFoundError: No module named 'utils'
[2025-08-28 10:59:18,193] ERROR django.server: "POST /api/v1/sales/ HTTP/1.1" 500 110980
[2025-08-28 11:00:32,179] INFO django.utils.autoreload: Watching for file changes with StatReloader
[2025-08-28 11:00:38,072] INFO api: Listando todos os produtos{'product': '1f5959af-5710-4727-8396-334f3424db4c', 'quantity': 31}
[2025-08-28 11:00:38,082] INFO api: M彋odo create do SaleSerializer iniciado.
[2025-08-28 11:00:38,083] INFO api: Dados validados: <rest_framework.request.Request: POST '/api/v1/sales/'>
[2025-08-28 11:00:38,164] ERROR django.request: Internal Server Error: /api/v1/sales/
Traceback (most recent call last):
  File "C:\Users\juans\AppData\Local\Programs\Python\Python313\Lib\site-packages\rest_framework\request.py", line 422, in __getattr__
    return getattr(_request, attr)
AttributeError: 'WSGIRequest' object has no attribute 'pop'

During handling of the above exception, another exception occurred:

Traceback (most recent call last):
  File "C:\Users\juans\AppData\Local\Programs\Python\Python313\Lib\site-packages\django\core\handlers\exception.py", line 55, in inner
    response = get_response(request)
  File "C:\Users\juans\AppData\Local\Programs\Python\Python313\Lib\site-packages\django\core\handlers\base.py", line 197, in _get_response
    response = wrapped_callback(request, *callback_args, **callback_kwargs)
  File "C:\Users\juans\AppData\Local\Programs\Python\Python313\Lib\site-packages\django\views\decorators\csrf.py", line 65, in _view_wrapper
    return view_func(request, *args, **kwargs)
  File "C:\Users\juans\AppData\Local\Programs\Python\Python313\Lib\site-packages\django\views\generic\base.py", line 105, in view
    return self.dispatch(request, *args, **kwargs)
           ~~~~~~~~~~~~~^^^^^^^^^^^^^^^^^^^^^^^^^^
  File "C:\Users\juans\AppData\Local\Programs\Python\Python313\Lib\site-packages\rest_framework\views.py", line 515, in dispatch
    response = self.handle_exception(exc)
  File "C:\Users\juans\AppData\Local\Programs\Python\Python313\Lib\site-packages\rest_framework\views.py", line 475, in handle_exception
    self.raise_uncaught_exception(exc)
    ~~~~~~~~~~~~~~~~~~~~~~~~~~~~~^^^^^
  File "C:\Users\juans\AppData\Local\Programs\Python\Python313\Lib\site-packages\rest_framework\views.py", line 486, in raise_uncaught_exception
    raise exc
  File "C:\Users\juans\AppData\Local\Programs\Python\Python313\Lib\site-packages\rest_framework\views.py", line 512, in dispatch
    response = handler(request, *args, **kwargs)
  File "C:\Users\juans\OneDrive - Service Marketing\Documentos\pdv_project\api\views.py", line 50, in post
    return create(request)
  File "C:\Users\juans\OneDrive - Service Marketing\Documentos\pdv_project\api\controller\sale\create.py", line 12, in create
    items_data = validated_data.pop('create_items')
                 ^^^^^^^^^^^^^^^^^^
  File "C:\Users\juans\AppData\Local\Programs\Python\Python313\Lib\site-packages\rest_framework\request.py", line 424, in __getattr__
    raise AttributeError(f"'{self.__class__.__name__}' object has no attribute '{attr}'")
AttributeError: 'Request' object has no attribute 'pop'
[2025-08-28 11:00:38,171] ERROR django.server: "POST /api/v1/sales/ HTTP/1.1" 500 112472
[2025-08-28 11:01:05,888] INFO django.utils.autoreload: C:\Users\juans\OneDrive - Service Marketing\Documentos\pdv_project\api\controller\sale\create.py changed, reloading.
[2025-08-28 11:01:06,610] INFO django.utils.autoreload: Watching for file changes with StatReloader
[2025-08-28 11:01:12,787] INFO api: Listando todos os produtos{'product': '1f5959af-5710-4727-8396-334f3424db4c', 'quantity': 31}
[2025-08-28 11:01:12,796] INFO api: M彋odo create do SaleSerializer iniciado.
[2025-08-28 11:01:12,796] INFO api: Dados validados: <rest_framework.request.Request: POST '/api/v1/sales/'>
[2025-08-28 11:01:12,858] ERROR django.request: Internal Server Error: /api/v1/sales/
Traceback (most recent call last):
  File "C:\Users\juans\AppData\Local\Programs\Python\Python313\Lib\site-packages\django\core\handlers\exception.py", line 55, in inner
    response = get_response(request)
  File "C:\Users\juans\AppData\Local\Programs\Python\Python313\Lib\site-packages\django\core\handlers\base.py", line 197, in _get_response
    response = wrapped_callback(request, *callback_args, **callback_kwargs)
  File "C:\Users\juans\AppData\Local\Programs\Python\Python313\Lib\site-packages\django\views\decorators\csrf.py", line 65, in _view_wrapper
    return view_func(request, *args, **kwargs)
  File "C:\Users\juans\AppData\Local\Programs\Python\Python313\Lib\site-packages\django\views\generic\base.py", line 105, in view
    return self.dispatch(request, *args, **kwargs)
           ~~~~~~~~~~~~~^^^^^^^^^^^^^^^^^^^^^^^^^^
  File "C:\Users\juans\AppData\Local\Programs\Python\Python313\Lib\site-packages\rest_framework\views.py", line 515, in dispatch
    response = self.handle_exception(exc)
  File "C:\Users\juans\AppData\Local\Programs\Python\Python313\Lib\site-packages\rest_framework\views.py", line 475, in handle_exception
    self.raise_uncaught_exception(exc)
    ~~~~~~~~~~~~~~~~~~~~~~~~~~~~~^^^^^
  File "C:\Users\juans\AppData\Local\Programs\Python\Python313\Lib\site-packages\rest_framework\views.py", line 486, in raise_uncaught_exception
    raise exc
  File "C:\Users\juans\AppData\Local\Programs\Python\Python313\Lib\site-packages\rest_framework\views.py", line 512, in dispatch
    response = handler(request, *args, **kwargs)
  File "C:\Users\juans\OneDrive - Service Marketing\Documentos\pdv_project\api\views.py", line 50, in post
    return create(request)
  File "C:\Users\juans\OneDrive - Service Marketing\Documentos\pdv_project\api\controller\sale\create.py", line 13, in create
    logger.info(f"Itens da requisi誽o: {items_data}")
                                        ^^^^^^^^^^
NameError: name 'items_data' is not defined
[2025-08-28 11:01:12,866] ERROR django.server: "POST /api/v1/sales/ HTTP/1.1" 500 103392
[2025-08-28 11:01:29,979] INFO django.utils.autoreload: C:\Users\juans\OneDrive - Service Marketing\Documentos\pdv_project\api\controller\sale\create.py changed, reloading.
[2025-08-28 11:01:30,824] INFO django.utils.autoreload: Watching for file changes with StatReloader
[2025-08-28 11:01:39,853] INFO api: Listando todos os produtos{'create_items': [{'product': '1f5959af-5710-4727-8396-334f3424db4c', 'quantity': 31}]}
[2025-08-28 11:01:39,885] INFO api: M彋odo create do SaleSerializer iniciado.
[2025-08-28 11:01:39,887] INFO api: Dados validados: <rest_framework.request.Request: POST '/api/v1/sales/'>
[2025-08-28 11:01:40,042] ERROR django.request: Internal Server Error: /api/v1/sales/
Traceback (most recent call last):
  File "C:\Users\juans\AppData\Local\Programs\Python\Python313\Lib\site-packages\rest_framework\request.py", line 422, in __getattr__
    return getattr(_request, attr)
AttributeError: 'WSGIRequest' object has no attribute 'pop'

During handling of the above exception, another exception occurred:

Traceback (most recent call last):
  File "C:\Users\juans\AppData\Local\Programs\Python\Python313\Lib\site-packages\django\core\handlers\exception.py", line 55, in inner
    response = get_response(request)
  File "C:\Users\juans\AppData\Local\Programs\Python\Python313\Lib\site-packages\django\core\handlers\base.py", line 197, in _get_response
    response = wrapped_callback(request, *callback_args, **callback_kwargs)
  File "C:\Users\juans\AppData\Local\Programs\Python\Python313\Lib\site-packages\django\views\decorators\csrf.py", line 65, in _view_wrapper
    return view_func(request, *args, **kwargs)
  File "C:\Users\juans\AppData\Local\Programs\Python\Python313\Lib\site-packages\django\views\generic\base.py", line 105, in view
    return self.dispatch(request, *args, **kwargs)
           ~~~~~~~~~~~~~^^^^^^^^^^^^^^^^^^^^^^^^^^
  File "C:\Users\juans\AppData\Local\Programs\Python\Python313\Lib\site-packages\rest_framework\views.py", line 515, in dispatch
    response = self.handle_exception(exc)
  File "C:\Users\juans\AppData\Local\Programs\Python\Python313\Lib\site-packages\rest_framework\views.py", line 475, in handle_exception
    self.raise_uncaught_exception(exc)
    ~~~~~~~~~~~~~~~~~~~~~~~~~~~~~^^^^^
  File "C:\Users\juans\AppData\Local\Programs\Python\Python313\Lib\site-packages\rest_framework\views.py", line 486, in raise_uncaught_exception
    raise exc
  File "C:\Users\juans\AppData\Local\Programs\Python\Python313\Lib\site-packages\rest_framework\views.py", line 512, in dispatch
    response = handler(request, *args, **kwargs)
  File "C:\Users\juans\OneDrive - Service Marketing\Documentos\pdv_project\api\views.py", line 50, in post
    return create(request)
  File "C:\Users\juans\OneDrive - Service Marketing\Documentos\pdv_project\api\controller\sale\create.py", line 12, in create
    items_data = validated_data.pop('create_items')
                 ^^^^^^^^^^^^^^^^^^
  File "C:\Users\juans\AppData\Local\Programs\Python\Python313\Lib\site-packages\rest_framework\request.py", line 424, in __getattr__
    raise AttributeError(f"'{self.__class__.__name__}' object has no attribute '{attr}'")
AttributeError: 'Request' object has no attribute 'pop'
[2025-08-28 11:01:40,061] ERROR django.server: "POST /api/v1/sales/ HTTP/1.1" 500 112473
[2025-08-28 11:34:33,951] INFO django.utils.autoreload: Watching for file changes with StatReloader
[2025-08-28 11:34:44,733] INFO api: Listando todos os produtos{'create_items': [{'product': '1f5959af-5710-4727-8396-334f3424db4c', 'quantity': 31}]}
[2025-08-28 11:34:44,741] INFO api: M彋odo create do SaleSerializer iniciado.
[2025-08-28 11:34:44,744] INFO api: Dados validados: <rest_framework.request.Request: POST '/api/v1/sales/'>
[2025-08-28 11:34:44,856] ERROR django.request: Internal Server Error: /api/v1/sales/
Traceback (most recent call last):
  File "C:\Users\juans\AppData\Local\Programs\Python\Python313\Lib\site-packages\rest_framework\request.py", line 422, in __getattr__
    return getattr(_request, attr)
AttributeError: 'WSGIRequest' object has no attribute 'pop'

During handling of the above exception, another exception occurred:

Traceback (most recent call last):
  File "C:\Users\juans\AppData\Local\Programs\Python\Python313\Lib\site-packages\django\core\handlers\exception.py", line 55, in inner
    response = get_response(request)
  File "C:\Users\juans\AppData\Local\Programs\Python\Python313\Lib\site-packages\django\core\handlers\base.py", line 197, in _get_response
    response = wrapped_callback(request, *callback_args, **callback_kwargs)
  File "C:\Users\juans\AppData\Local\Programs\Python\Python313\Lib\site-packages\django\views\decorators\csrf.py", line 65, in _view_wrapper
    return view_func(request, *args, **kwargs)
  File "C:\Users\juans\AppData\Local\Programs\Python\Python313\Lib\site-packages\django\views\generic\base.py", line 105, in view
    return self.dispatch(request, *args, **kwargs)
           ~~~~~~~~~~~~~^^^^^^^^^^^^^^^^^^^^^^^^^^
  File "C:\Users\juans\AppData\Local\Programs\Python\Python313\Lib\site-packages\rest_framework\views.py", line 515, in dispatch
    response = self.handle_exception(exc)
  File "C:\Users\juans\AppData\Local\Programs\Python\Python313\Lib\site-packages\rest_framework\views.py", line 475, in handle_exception
    self.raise_uncaught_exception(exc)
    ~~~~~~~~~~~~~~~~~~~~~~~~~~~~~^^^^^
  File "C:\Users\juans\AppData\Local\Programs\Python\Python313\Lib\site-packages\rest_framework\views.py", line 486, in raise_uncaught_exception
    raise exc
  File "C:\Users\juans\AppData\Local\Programs\Python\Python313\Lib\site-packages\rest_framework\views.py", line 512, in dispatch
    response = handler(request, *args, **kwargs)
  File "C:\Users\juans\OneDrive - Service Marketing\Documentos\pdv_project\api\views.py", line 50, in post
    return create(request)
  File "C:\Users\juans\OneDrive - Service Marketing\Documentos\pdv_project\api\controller\sale\create.py", line 12, in create
    items_data = validated_data.pop('create_items')
                 ^^^^^^^^^^^^^^^^^^
  File "C:\Users\juans\AppData\Local\Programs\Python\Python313\Lib\site-packages\rest_framework\request.py", line 424, in __getattr__
    raise AttributeError(f"'{self.__class__.__name__}' object has no attribute '{attr}'")
AttributeError: 'Request' object has no attribute 'pop'
[2025-08-28 11:34:44,869] ERROR django.server: "POST /api/v1/sales/ HTTP/1.1" 500 112473
[2025-08-28 11:35:54,634] INFO api: Listando todos os produtos{'create_items': [{'product': '1f5959af-5710-4727-8396-334f3424db4c', 'quantity': 31}]}
[2025-08-28 11:35:54,637] INFO api: M彋odo create do SaleSerializer iniciado.
[2025-08-28 11:35:54,637] INFO api: Dados validados: <rest_framework.request.Request: POST '/api/v1/sales/'>
[2025-08-28 11:35:54,696] ERROR django.request: Internal Server Error: /api/v1/sales/
Traceback (most recent call last):
  File "C:\Users\juans\AppData\Local\Programs\Python\Python313\Lib\site-packages\rest_framework\request.py", line 422, in __getattr__
    return getattr(_request, attr)
AttributeError: 'WSGIRequest' object has no attribute 'pop'

During handling of the above exception, another exception occurred:

Traceback (most recent call last):
  File "C:\Users\juans\AppData\Local\Programs\Python\Python313\Lib\site-packages\django\core\handlers\exception.py", line 55, in inner
    response = get_response(request)
  File "C:\Users\juans\AppData\Local\Programs\Python\Python313\Lib\site-packages\django\core\handlers\base.py", line 197, in _get_response
    response = wrapped_callback(request, *callback_args, **callback_kwargs)
  File "C:\Users\juans\AppData\Local\Programs\Python\Python313\Lib\site-packages\django\views\decorators\csrf.py", line 65, in _view_wrapper
    return view_func(request, *args, **kwargs)
  File "C:\Users\juans\AppData\Local\Programs\Python\Python313\Lib\site-packages\django\views\generic\base.py", line 105, in view
    return self.dispatch(request, *args, **kwargs)
           ~~~~~~~~~~~~~^^^^^^^^^^^^^^^^^^^^^^^^^^
  File "C:\Users\juans\AppData\Local\Programs\Python\Python313\Lib\site-packages\rest_framework\views.py", line 515, in dispatch
    response = self.handle_exception(exc)
  File "C:\Users\juans\AppData\Local\Programs\Python\Python313\Lib\site-packages\rest_framework\views.py", line 475, in handle_exception
    self.raise_uncaught_exception(exc)
    ~~~~~~~~~~~~~~~~~~~~~~~~~~~~~^^^^^
  File "C:\Users\juans\AppData\Local\Programs\Python\Python313\Lib\site-packages\rest_framework\views.py", line 486, in raise_uncaught_exception
    raise exc
  File "C:\Users\juans\AppData\Local\Programs\Python\Python313\Lib\site-packages\rest_framework\views.py", line 512, in dispatch
    response = handler(request, *args, **kwargs)
  File "C:\Users\juans\OneDrive - Service Marketing\Documentos\pdv_project\api\views.py", line 50, in post
    return create(request)
  File "C:\Users\juans\OneDrive - Service Marketing\Documentos\pdv_project\api\controller\sale\create.py", line 12, in create
    items_data = validated_data.pop('create_items')
                 ^^^^^^^^^^^^^^^^^^
  File "C:\Users\juans\AppData\Local\Programs\Python\Python313\Lib\site-packages\rest_framework\request.py", line 424, in __getattr__
    raise AttributeError(f"'{self.__class__.__name__}' object has no attribute '{attr}'")
AttributeError: 'Request' object has no attribute 'pop'
[2025-08-28 11:35:54,700] ERROR django.server: "POST /api/v1/sales/ HTTP/1.1" 500 112473
[2025-08-28 11:40:46,974] INFO django.utils.autoreload: C:\Users\juans\OneDrive - Service Marketing\Documentos\pdv_project\api\views.py changed, reloading.
[2025-08-28 11:40:48,400] INFO django.utils.autoreload: Watching for file changes with StatReloader
[2025-08-28 11:42:03,916] INFO django.utils.autoreload: Watching for file changes with StatReloader
[2025-08-28 11:42:09,738] INFO api: Listando todos os produtos{'create_items': [{'product': '1f5959af-5710-4727-8396-334f3424db4c', 'quantity': 31}]}
[2025-08-28 11:42:09,745] INFO api: M彋odo create do SaleSerializer iniciado.
[2025-08-28 11:42:09,818] ERROR django.request: Internal Server Error: /api/v1/sales/
Traceback (most recent call last):
  File "C:\Users\juans\AppData\Local\Programs\Python\Python313\Lib\site-packages\rest_framework\request.py", line 422, in __getattr__
    return getattr(_request, attr)
AttributeError: 'WSGIRequest' object has no attribute 'pop'

During handling of the above exception, another exception occurred:

Traceback (most recent call last):
  File "C:\Users\juans\AppData\Local\Programs\Python\Python313\Lib\site-packages\django\core\handlers\exception.py", line 55, in inner
    response = get_response(request)
  File "C:\Users\juans\AppData\Local\Programs\Python\Python313\Lib\site-packages\django\core\handlers\base.py", line 197, in _get_response
    response = wrapped_callback(request, *callback_args, **callback_kwargs)
  File "C:\Users\juans\AppData\Local\Programs\Python\Python313\Lib\site-packages\django\views\decorators\csrf.py", line 65, in _view_wrapper
    return view_func(request, *args, **kwargs)
  File "C:\Users\juans\AppData\Local\Programs\Python\Python313\Lib\site-packages\django\views\generic\base.py", line 105, in view
    return self.dispatch(request, *args, **kwargs)
           ~~~~~~~~~~~~~^^^^^^^^^^^^^^^^^^^^^^^^^^
  File "C:\Users\juans\AppData\Local\Programs\Python\Python313\Lib\site-packages\rest_framework\views.py", line 515, in dispatch
    response = self.handle_exception(exc)
  File "C:\Users\juans\AppData\Local\Programs\Python\Python313\Lib\site-packages\rest_framework\views.py", line 475, in handle_exception
    self.raise_uncaught_exception(exc)
    ~~~~~~~~~~~~~~~~~~~~~~~~~~~~~^^^^^
  File "C:\Users\juans\AppData\Local\Programs\Python\Python313\Lib\site-packages\rest_framework\views.py", line 486, in raise_uncaught_exception
    raise exc
  File "C:\Users\juans\AppData\Local\Programs\Python\Python313\Lib\site-packages\rest_framework\views.py", line 512, in dispatch
    response = handler(request, *args, **kwargs)
  File "C:\Users\juans\OneDrive - Service Marketing\Documentos\pdv_project\api\views.py", line 50, in post
    return create(self, request)
  File "C:\Users\juans\OneDrive - Service Marketing\Documentos\pdv_project\api\controller\sale\create.py", line 9, in create
    items_data = validated_data.pop('create_items')
                 ^^^^^^^^^^^^^^^^^^
  File "C:\Users\juans\AppData\Local\Programs\Python\Python313\Lib\site-packages\rest_framework\request.py", line 424, in __getattr__
    raise AttributeError(f"'{self.__class__.__name__}' object has no attribute '{attr}'")
AttributeError: 'Request' object has no attribute 'pop'
[2025-08-28 11:42:09,827] ERROR django.server: "POST /api/v1/sales/ HTTP/1.1" 500 112660
[2025-08-28 11:42:17,474] INFO api: Listando todos os produtos{'create_items': [{'product': '1f5959af-5710-4727-8396-334f3424db4c', 'quantity': 31}]}
[2025-08-28 11:42:17,475] INFO api: M彋odo create do SaleSerializer iniciado.
[2025-08-28 11:42:17,604] ERROR django.request: Internal Server Error: /api/v1/sales/
Traceback (most recent call last):
  File "C:\Users\juans\AppData\Local\Programs\Python\Python313\Lib\site-packages\rest_framework\request.py", line 422, in __getattr__
    return getattr(_request, attr)
AttributeError: 'WSGIRequest' object has no attribute 'pop'

During handling of the above exception, another exception occurred:

Traceback (most recent call last):
  File "C:\Users\juans\AppData\Local\Programs\Python\Python313\Lib\site-packages\django\core\handlers\exception.py", line 55, in inner
    response = get_response(request)
  File "C:\Users\juans\AppData\Local\Programs\Python\Python313\Lib\site-packages\django\core\handlers\base.py", line 197, in _get_response
    response = wrapped_callback(request, *callback_args, **callback_kwargs)
  File "C:\Users\juans\AppData\Local\Programs\Python\Python313\Lib\site-packages\django\views\decorators\csrf.py", line 65, in _view_wrapper
    return view_func(request, *args, **kwargs)
  File "C:\Users\juans\AppData\Local\Programs\Python\Python313\Lib\site-packages\django\views\generic\base.py", line 105, in view
    return self.dispatch(request, *args, **kwargs)
           ~~~~~~~~~~~~~^^^^^^^^^^^^^^^^^^^^^^^^^^
  File "C:\Users\juans\AppData\Local\Programs\Python\Python313\Lib\site-packages\rest_framework\views.py", line 515, in dispatch
    response = self.handle_exception(exc)
  File "C:\Users\juans\AppData\Local\Programs\Python\Python313\Lib\site-packages\rest_framework\views.py", line 475, in handle_exception
    self.raise_uncaught_exception(exc)
    ~~~~~~~~~~~~~~~~~~~~~~~~~~~~~^^^^^
  File "C:\Users\juans\AppData\Local\Programs\Python\Python313\Lib\site-packages\rest_framework\views.py", line 486, in raise_uncaught_exception
    raise exc
  File "C:\Users\juans\AppData\Local\Programs\Python\Python313\Lib\site-packages\rest_framework\views.py", line 512, in dispatch
    response = handler(request, *args, **kwargs)
  File "C:\Users\juans\OneDrive - Service Marketing\Documentos\pdv_project\api\views.py", line 50, in post
    return create(self, request)
  File "C:\Users\juans\OneDrive - Service Marketing\Documentos\pdv_project\api\controller\sale\create.py", line 9, in create
    items_data = validated_data.pop('create_items')
                 ^^^^^^^^^^^^^^^^^^
  File "C:\Users\juans\AppData\Local\Programs\Python\Python313\Lib\site-packages\rest_framework\request.py", line 424, in __getattr__
    raise AttributeError(f"'{self.__class__.__name__}' object has no attribute '{attr}'")
AttributeError: 'Request' object has no attribute 'pop'
[2025-08-28 11:42:17,611] ERROR django.server: "POST /api/v1/sales/ HTTP/1.1" 500 112660
[2025-08-28 11:44:04,051] INFO django.utils.autoreload: C:\Users\juans\OneDrive - Service Marketing\Documentos\pdv_project\api\controller\sale\create.py changed, reloading.
[2025-08-28 11:44:05,497] INFO django.utils.autoreload: Watching for file changes with StatReloader
[2025-08-28 11:44:57,647] INFO django.utils.autoreload: C:\Users\juans\OneDrive - Service Marketing\Documentos\pdv_project\api\views.py changed, reloading.
[2025-08-28 11:44:58,432] INFO django.utils.autoreload: Watching for file changes with StatReloader
[2025-08-28 11:45:04,181] INFO api: Recebendo payload: {'create_items': [{'product': '1f5959af-5710-4727-8396-334f3424db4c', 'quantity': 31}]}
[2025-08-28 11:45:04,186] WARNING django.request: Bad Request: /api/v1/sales/
[2025-08-28 11:45:04,187] WARNING django.server: "POST /api/v1/sales/ HTTP/1.1" 400 67
[2025-08-28 11:46:43,610] INFO django.utils.autoreload: C:\Users\juans\OneDrive - Service Marketing\Documentos\pdv_project\api\views.py changed, reloading.
[2025-08-28 11:46:44,250] INFO django.utils.autoreload: Watching for file changes with StatReloader
[2025-08-28 11:46:57,082] INFO django.utils.autoreload: C:\Users\juans\OneDrive - Service Marketing\Documentos\pdv_project\api\views.py changed, reloading.
[2025-08-28 11:46:57,875] INFO django.utils.autoreload: Watching for file changes with StatReloader
[2025-08-28 11:47:02,893] INFO api: Listando todos os produtos{}
[2025-08-28 11:47:03,224] INFO django.server: "GET /api/v1/products/ HTTP/1.1" 200 136
[2025-08-28 11:47:06,841] INFO api: Listando todos os produtos{'create_items': [{'product': '1f5959af-5710-4727-8396-334f3424db4c', 'quantity': 31}]}
[2025-08-28 11:47:06,845] INFO api: M彋odo create do SaleSerializer iniciado.
[2025-08-28 11:47:07,218] ERROR django.request: Internal Server Error: /api/v1/sales/
Traceback (most recent call last):
  File "C:\Users\juans\AppData\Local\Programs\Python\Python313\Lib\site-packages\django\core\handlers\exception.py", line 55, in inner
    response = get_response(request)
  File "C:\Users\juans\AppData\Local\Programs\Python\Python313\Lib\site-packages\django\core\handlers\base.py", line 197, in _get_response
    response = wrapped_callback(request, *callback_args, **callback_kwargs)
  File "C:\Users\juans\AppData\Local\Programs\Python\Python313\Lib\site-packages\django\views\decorators\csrf.py", line 65, in _view_wrapper
    return view_func(request, *args, **kwargs)
  File "C:\Users\juans\AppData\Local\Programs\Python\Python313\Lib\site-packages\django\views\generic\base.py", line 105, in view
    return self.dispatch(request, *args, **kwargs)
           ~~~~~~~~~~~~~^^^^^^^^^^^^^^^^^^^^^^^^^^
  File "C:\Users\juans\AppData\Local\Programs\Python\Python313\Lib\site-packages\rest_framework\views.py", line 515, in dispatch
    response = self.handle_exception(exc)
  File "C:\Users\juans\AppData\Local\Programs\Python\Python313\Lib\site-packages\rest_framework\views.py", line 475, in handle_exception
    self.raise_uncaught_exception(exc)
    ~~~~~~~~~~~~~~~~~~~~~~~~~~~~~^^^^^
  File "C:\Users\juans\AppData\Local\Programs\Python\Python313\Lib\site-packages\rest_framework\views.py", line 486, in raise_uncaught_exception
    raise exc
  File "C:\Users\juans\AppData\Local\Programs\Python\Python313\Lib\site-packages\rest_framework\views.py", line 512, in dispatch
    response = handler(request, *args, **kwargs)
  File "C:\Users\juans\OneDrive - Service Marketing\Documentos\pdv_project\api\views.py", line 50, in post
    return create(request.data)
  File "C:\Users\juans\OneDrive - Service Marketing\Documentos\pdv_project\api\controller\sale\create.py", line 17, in create
    if product.stock < quantity:
       ^^^^^^^^^^^^^
AttributeError: 'str' object has no attribute 'stock'
[2025-08-28 11:47:07,231] ERROR django.server: "POST /api/v1/sales/ HTTP/1.1" 500 104408
[2025-08-28 11:48:56,854] INFO api: Listando todos os produtos{'create_items': [{'product': '1f5959af-5710-4727-8396-334f3424db4c', 'stock': 31}]}
[2025-08-28 11:48:56,858] INFO api: M彋odo create do SaleSerializer iniciado.
[2025-08-28 11:48:57,196] ERROR django.request: Internal Server Error: /api/v1/sales/
Traceback (most recent call last):
  File "C:\Users\juans\AppData\Local\Programs\Python\Python313\Lib\site-packages\django\core\handlers\exception.py", line 55, in inner
    response = get_response(request)
  File "C:\Users\juans\AppData\Local\Programs\Python\Python313\Lib\site-packages\django\core\handlers\base.py", line 197, in _get_response
    response = wrapped_callback(request, *callback_args, **callback_kwargs)
  File "C:\Users\juans\AppData\Local\Programs\Python\Python313\Lib\site-packages\django\views\decorators\csrf.py", line 65, in _view_wrapper
    return view_func(request, *args, **kwargs)
  File "C:\Users\juans\AppData\Local\Programs\Python\Python313\Lib\site-packages\django\views\generic\base.py", line 105, in view
    return self.dispatch(request, *args, **kwargs)
           ~~~~~~~~~~~~~^^^^^^^^^^^^^^^^^^^^^^^^^^
  File "C:\Users\juans\AppData\Local\Programs\Python\Python313\Lib\site-packages\rest_framework\views.py", line 515, in dispatch
    response = self.handle_exception(exc)
  File "C:\Users\juans\AppData\Local\Programs\Python\Python313\Lib\site-packages\rest_framework\views.py", line 475, in handle_exception
    self.raise_uncaught_exception(exc)
    ~~~~~~~~~~~~~~~~~~~~~~~~~~~~~^^^^^
  File "C:\Users\juans\AppData\Local\Programs\Python\Python313\Lib\site-packages\rest_framework\views.py", line 486, in raise_uncaught_exception
    raise exc
  File "C:\Users\juans\AppData\Local\Programs\Python\Python313\Lib\site-packages\rest_framework\views.py", line 512, in dispatch
    response = handler(request, *args, **kwargs)
  File "C:\Users\juans\OneDrive - Service Marketing\Documentos\pdv_project\api\views.py", line 50, in post
    return create(request.data)
  File "C:\Users\juans\OneDrive - Service Marketing\Documentos\pdv_project\api\controller\sale\create.py", line 14, in create
    quantity = item['quantity']
               ~~~~^^^^^^^^^^^^
KeyError: 'quantity'
[2025-08-28 11:48:57,206] ERROR django.server: "POST /api/v1/sales/ HTTP/1.1" 500 104046
[2025-08-28 11:49:05,223] INFO api: Listando todos os produtos{'create_items': [{'product': '1f5959af-5710-4727-8396-334f3424db4c', 'quantity': 31}]}
[2025-08-28 11:49:05,224] INFO api: M彋odo create do SaleSerializer iniciado.
[2025-08-28 11:49:05,504] ERROR django.request: Internal Server Error: /api/v1/sales/
Traceback (most recent call last):
  File "C:\Users\juans\AppData\Local\Programs\Python\Python313\Lib\site-packages\django\core\handlers\exception.py", line 55, in inner
    response = get_response(request)
  File "C:\Users\juans\AppData\Local\Programs\Python\Python313\Lib\site-packages\django\core\handlers\base.py", line 197, in _get_response
    response = wrapped_callback(request, *callback_args, **callback_kwargs)
  File "C:\Users\juans\AppData\Local\Programs\Python\Python313\Lib\site-packages\django\views\decorators\csrf.py", line 65, in _view_wrapper
    return view_func(request, *args, **kwargs)
  File "C:\Users\juans\AppData\Local\Programs\Python\Python313\Lib\site-packages\django\views\generic\base.py", line 105, in view
    return self.dispatch(request, *args, **kwargs)
           ~~~~~~~~~~~~~^^^^^^^^^^^^^^^^^^^^^^^^^^
  File "C:\Users\juans\AppData\Local\Programs\Python\Python313\Lib\site-packages\rest_framework\views.py", line 515, in dispatch
    response = self.handle_exception(exc)
  File "C:\Users\juans\AppData\Local\Programs\Python\Python313\Lib\site-packages\rest_framework\views.py", line 475, in handle_exception
    self.raise_uncaught_exception(exc)
    ~~~~~~~~~~~~~~~~~~~~~~~~~~~~~^^^^^
  File "C:\Users\juans\AppData\Local\Programs\Python\Python313\Lib\site-packages\rest_framework\views.py", line 486, in raise_uncaught_exception
    raise exc
  File "C:\Users\juans\AppData\Local\Programs\Python\Python313\Lib\site-packages\rest_framework\views.py", line 512, in dispatch
    response = handler(request, *args, **kwargs)
  File "C:\Users\juans\OneDrive - Service Marketing\Documentos\pdv_project\api\views.py", line 50, in post
    return create(request.data)
  File "C:\Users\juans\OneDrive - Service Marketing\Documentos\pdv_project\api\controller\sale\create.py", line 17, in create
    if product.stock < quantity:
       ^^^^^^^^^^^^^
AttributeError: 'str' object has no attribute 'stock'
[2025-08-28 11:49:05,509] ERROR django.server: "POST /api/v1/sales/ HTTP/1.1" 500 104408
[2025-08-28 11:49:12,273] INFO api: Listando todos os produtos{'create_items': [{'product': '1f5959af-5710-4727-8396-334f3424db4c', 'quantity': 1}]}
[2025-08-28 11:49:12,274] INFO api: M彋odo create do SaleSerializer iniciado.
[2025-08-28 11:49:12,584] ERROR django.request: Internal Server Error: /api/v1/sales/
Traceback (most recent call last):
  File "C:\Users\juans\AppData\Local\Programs\Python\Python313\Lib\site-packages\django\core\handlers\exception.py", line 55, in inner
    response = get_response(request)
  File "C:\Users\juans\AppData\Local\Programs\Python\Python313\Lib\site-packages\django\core\handlers\base.py", line 197, in _get_response
    response = wrapped_callback(request, *callback_args, **callback_kwargs)
  File "C:\Users\juans\AppData\Local\Programs\Python\Python313\Lib\site-packages\django\views\decorators\csrf.py", line 65, in _view_wrapper
    return view_func(request, *args, **kwargs)
  File "C:\Users\juans\AppData\Local\Programs\Python\Python313\Lib\site-packages\django\views\generic\base.py", line 105, in view
    return self.dispatch(request, *args, **kwargs)
           ~~~~~~~~~~~~~^^^^^^^^^^^^^^^^^^^^^^^^^^
  File "C:\Users\juans\AppData\Local\Programs\Python\Python313\Lib\site-packages\rest_framework\views.py", line 515, in dispatch
    response = self.handle_exception(exc)
  File "C:\Users\juans\AppData\Local\Programs\Python\Python313\Lib\site-packages\rest_framework\views.py", line 475, in handle_exception
    self.raise_uncaught_exception(exc)
    ~~~~~~~~~~~~~~~~~~~~~~~~~~~~~^^^^^
  File "C:\Users\juans\AppData\Local\Programs\Python\Python313\Lib\site-packages\rest_framework\views.py", line 486, in raise_uncaught_exception
    raise exc
  File "C:\Users\juans\AppData\Local\Programs\Python\Python313\Lib\site-packages\rest_framework\views.py", line 512, in dispatch
    response = handler(request, *args, **kwargs)
  File "C:\Users\juans\OneDrive - Service Marketing\Documentos\pdv_project\api\views.py", line 50, in post
    return create(request.data)
  File "C:\Users\juans\OneDrive - Service Marketing\Documentos\pdv_project\api\controller\sale\create.py", line 17, in create
    if product.stock < quantity:
       ^^^^^^^^^^^^^
AttributeError: 'str' object has no attribute 'stock'
[2025-08-28 11:49:12,589] ERROR django.server: "POST /api/v1/sales/ HTTP/1.1" 500 104405
[2025-08-28 11:51:42,885] INFO django.utils.autoreload: Watching for file changes with StatReloader
[2025-08-28 11:51:45,740] INFO api: Listando todos os produtos{'create_items': [{'product': '1f5959af-5710-4727-8396-334f3424db4c', 'quantity': 1}]}
[2025-08-28 11:51:45,745] INFO api: M彋odo create do SaleSerializer iniciado.
[2025-08-28 11:51:46,050] ERROR django.request: Internal Server Error: /api/v1/sales/
Traceback (most recent call last):
  File "C:\Users\juans\AppData\Local\Programs\Python\Python313\Lib\site-packages\django\db\backends\utils.py", line 105, in _execute
    return self.cursor.execute(sql, params)
           ~~~~~~~~~~~~~~~~~~~^^^^^^^^^^^^^
psycopg2.errors.NotNullViolation: ERRO:  o valor nulo na coluna "unit_price" da rela誽o "api_saleitem" viola a restri誽o de n緌-nulo
DETAIL:  Registro que falhou cont幦 (fd65cb98-7121-4c81-9938-0fd60c7380d8, 1, null, 1f5959af-5710-4727-8396-334f3424db4c, c19d9067-8609-4db4-805d-bfdf82cbd7ac).


The above exception was the direct cause of the following exception:

Traceback (most recent call last):
  File "C:\Users\juans\AppData\Local\Programs\Python\Python313\Lib\site-packages\django\core\handlers\exception.py", line 55, in inner
    response = get_response(request)
  File "C:\Users\juans\AppData\Local\Programs\Python\Python313\Lib\site-packages\django\core\handlers\base.py", line 197, in _get_response
    response = wrapped_callback(request, *callback_args, **callback_kwargs)
  File "C:\Users\juans\AppData\Local\Programs\Python\Python313\Lib\site-packages\django\views\decorators\csrf.py", line 65, in _view_wrapper
    return view_func(request, *args, **kwargs)
  File "C:\Users\juans\AppData\Local\Programs\Python\Python313\Lib\site-packages\django\views\generic\base.py", line 105, in view
    return self.dispatch(request, *args, **kwargs)
           ~~~~~~~~~~~~~^^^^^^^^^^^^^^^^^^^^^^^^^^
  File "C:\Users\juans\AppData\Local\Programs\Python\Python313\Lib\site-packages\rest_framework\views.py", line 515, in dispatch
    response = self.handle_exception(exc)
  File "C:\Users\juans\AppData\Local\Programs\Python\Python313\Lib\site-packages\rest_framework\views.py", line 475, in handle_exception
    self.raise_uncaught_exception(exc)
    ~~~~~~~~~~~~~~~~~~~~~~~~~~~~~^^^^^
  File "C:\Users\juans\AppData\Local\Programs\Python\Python313\Lib\site-packages\rest_framework\views.py", line 486, in raise_uncaught_exception
    raise exc
  File "C:\Users\juans\AppData\Local\Programs\Python\Python313\Lib\site-packages\rest_framework\views.py", line 512, in dispatch
    response = handler(request, *args, **kwargs)
  File "C:\Users\juans\OneDrive - Service Marketing\Documentos\pdv_project\api\views.py", line 50, in post
    return create(request.data)
  File "C:\Users\juans\OneDrive - Service Marketing\Documentos\pdv_project\api\controller\sale\create.py", line 28, in create
    SaleItem.objects.create(sale=sale, product=product, quantity=quantity)
    ~~~~~~~~~~~~~~~~~~~~~~~^^^^^^^^^^^^^^^^^^^^^^^^^^^^^^^^^^^^^^^^^^^^^^^
  File "C:\Users\juans\AppData\Local\Programs\Python\Python313\Lib\site-packages\django\db\models\manager.py", line 87, in manager_method
    return getattr(self.get_queryset(), name)(*args, **kwargs)
           ~~~~~~~~~~~~~~~~~~~~~~~~~~~~~~~~~~^^^^^^^^^^^^^^^^^
  File "C:\Users\juans\AppData\Local\Programs\Python\Python313\Lib\site-packages\django\db\models\query.py", line 663, in create
    obj.save(force_insert=True, using=self.db)
    ~~~~~~~~^^^^^^^^^^^^^^^^^^^^^^^^^^^^^^^^^^
  File "C:\Users\juans\AppData\Local\Programs\Python\Python313\Lib\site-packages\django\db\models\base.py", line 902, in save
    self.save_base(
    ~~~~~~~~~~~~~~^
        using=using,
        ^^^^^^^^^^^^
    ...<2 lines>...
        update_fields=update_fields,
        ^^^^^^^^^^^^^^^^^^^^^^^^^^^^
    )
    ^
  File "C:\Users\juans\AppData\Local\Programs\Python\Python313\Lib\site-packages\django\db\models\base.py", line 1008, in save_base
    updated = self._save_table(
        raw,
    ...<4 lines>...
        update_fields,
    )
  File "C:\Users\juans\AppData\Local\Programs\Python\Python313\Lib\site-packages\django\db\models\base.py", line 1169, in _save_table
    results = self._do_insert(
        cls._base_manager, using, fields, returning_fields, raw
    )
  File "C:\Users\juans\AppData\Local\Programs\Python\Python313\Lib\site-packages\django\db\models\base.py", line 1210, in _do_insert
    return manager._insert(
           ~~~~~~~~~~~~~~~^
        [self],
        ^^^^^^^
    ...<3 lines>...
        raw=raw,
        ^^^^^^^^
    )
    ^
  File "C:\Users\juans\AppData\Local\Programs\Python\Python313\Lib\site-packages\django\db\models\manager.py", line 87, in manager_method
    return getattr(self.get_queryset(), name)(*args, **kwargs)
           ~~~~~~~~~~~~~~~~~~~~~~~~~~~~~~~~~~^^^^^^^^^^^^^^^^^
  File "C:\Users\juans\AppData\Local\Programs\Python\Python313\Lib\site-packages\django\db\models\query.py", line 1868, in _insert
    return query.get_compiler(using=using).execute_sql(returning_fields)
           ~~~~~~~~~~~~~~~~~~~~~~~~~~~~~~~~~~~~~~~~~~~^^^^^^^^^^^^^^^^^^
  File "C:\Users\juans\AppData\Local\Programs\Python\Python313\Lib\site-packages\django\db\models\sql\compiler.py", line 1882, in execute_sql
    cursor.execute(sql, params)
    ~~~~~~~~~~~~~~^^^^^^^^^^^^^
  File "C:\Users\juans\AppData\Local\Programs\Python\Python313\Lib\site-packages\django\db\backends\utils.py", line 122, in execute
    return super().execute(sql, params)
           ~~~~~~~~~~~~~~~^^^^^^^^^^^^^
  File "C:\Users\juans\AppData\Local\Programs\Python\Python313\Lib\site-packages\django\db\backends\utils.py", line 79, in execute
    return self._execute_with_wrappers(
           ~~~~~~~~~~~~~~~~~~~~~~~~~~~^
        sql, params, many=False, executor=self._execute
        ^^^^^^^^^^^^^^^^^^^^^^^^^^^^^^^^^^^^^^^^^^^^^^^
    )
    ^
  File "C:\Users\juans\AppData\Local\Programs\Python\Python313\Lib\site-packages\django\db\backends\utils.py", line 92, in _execute_with_wrappers
    return executor(sql, params, many, context)
  File "C:\Users\juans\AppData\Local\Programs\Python\Python313\Lib\site-packages\django\db\backends\utils.py", line 100, in _execute
    with self.db.wrap_database_errors:
         ^^^^^^^^^^^^^^^^^^^^^^^^^^^^
  File "C:\Users\juans\AppData\Local\Programs\Python\Python313\Lib\site-packages\django\db\utils.py", line 91, in __exit__
    raise dj_exc_value.with_traceback(traceback) from exc_value
  File "C:\Users\juans\AppData\Local\Programs\Python\Python313\Lib\site-packages\django\db\backends\utils.py", line 105, in _execute
    return self.cursor.execute(sql, params)
           ~~~~~~~~~~~~~~~~~~~^^^^^^^^^^^^^
django.db.utils.IntegrityError: ERRO:  o valor nulo na coluna "unit_price" da rela誽o "api_saleitem" viola a restri誽o de n緌-nulo
DETAIL:  Registro que falhou cont幦 (fd65cb98-7121-4c81-9938-0fd60c7380d8, 1, null, 1f5959af-5710-4727-8396-334f3424db4c, c19d9067-8609-4db4-805d-bfdf82cbd7ac).

[2025-08-28 11:51:46,065] ERROR django.server: "POST /api/v1/sales/ HTTP/1.1" 500 187834
[2025-08-28 11:53:31,299] INFO django.utils.autoreload: C:\Users\juans\OneDrive - Service Marketing\Documentos\pdv_project\api\controller\sale\create.py changed, reloading.
[2025-08-28 11:53:32,154] INFO django.utils.autoreload: Watching for file changes with StatReloader
[2025-08-28 11:53:37,516] INFO api: Listando todos os produtos{'create_items': [{'product': '1f5959af-5710-4727-8396-334f3424db4c', 'quantity': 1}]}
[2025-08-28 11:53:37,521] INFO api: M彋odo create do SaleSerializer iniciado.
[2025-08-28 11:53:37,734] ERROR django.request: Internal Server Error: /api/v1/sales/
Traceback (most recent call last):
  File "C:\Users\juans\AppData\Local\Programs\Python\Python313\Lib\site-packages\django\core\handlers\exception.py", line 55, in inner
    response = get_response(request)
  File "C:\Users\juans\AppData\Local\Programs\Python\Python313\Lib\site-packages\django\core\handlers\base.py", line 197, in _get_response
    response = wrapped_callback(request, *callback_args, **callback_kwargs)
  File "C:\Users\juans\AppData\Local\Programs\Python\Python313\Lib\site-packages\django\views\decorators\csrf.py", line 65, in _view_wrapper
    return view_func(request, *args, **kwargs)
  File "C:\Users\juans\AppData\Local\Programs\Python\Python313\Lib\site-packages\django\views\generic\base.py", line 105, in view
    return self.dispatch(request, *args, **kwargs)
           ~~~~~~~~~~~~~^^^^^^^^^^^^^^^^^^^^^^^^^^
  File "C:\Users\juans\AppData\Local\Programs\Python\Python313\Lib\site-packages\rest_framework\views.py", line 515, in dispatch
    response = self.handle_exception(exc)
  File "C:\Users\juans\AppData\Local\Programs\Python\Python313\Lib\site-packages\rest_framework\views.py", line 475, in handle_exception
    self.raise_uncaught_exception(exc)
    ~~~~~~~~~~~~~~~~~~~~~~~~~~~~~^^^^^
  File "C:\Users\juans\AppData\Local\Programs\Python\Python313\Lib\site-packages\rest_framework\views.py", line 486, in raise_uncaught_exception
    raise exc
  File "C:\Users\juans\AppData\Local\Programs\Python\Python313\Lib\site-packages\rest_framework\views.py", line 512, in dispatch
    response = handler(request, *args, **kwargs)
  File "C:\Users\juans\OneDrive - Service Marketing\Documentos\pdv_project\api\views.py", line 50, in post
    return create(request.data)
  File "C:\Users\juans\OneDrive - Service Marketing\Documentos\pdv_project\api\controller\sale\create.py", line 28, in create
    SaleItem.objects.create(sale=sale, product=product, quantity=quantity, unity_price=product.price)
    ~~~~~~~~~~~~~~~~~~~~~~~^^^^^^^^^^^^^^^^^^^^^^^^^^^^^^^^^^^^^^^^^^^^^^^^^^^^^^^^^^^^^^^^^^^^^^^^^^
  File "C:\Users\juans\AppData\Local\Programs\Python\Python313\Lib\site-packages\django\db\models\manager.py", line 87, in manager_method
    return getattr(self.get_queryset(), name)(*args, **kwargs)
           ~~~~~~~~~~~~~~~~~~~~~~~~~~~~~~~~~~^^^^^^^^^^^^^^^^^
  File "C:\Users\juans\AppData\Local\Programs\Python\Python313\Lib\site-packages\django\db\models\query.py", line 661, in create
    obj = self.model(**kwargs)
  File "C:\Users\juans\AppData\Local\Programs\Python\Python313\Lib\site-packages\django\db\models\base.py", line 569, in __init__
    raise TypeError(
    ...<2 lines>...
    )
TypeError: SaleItem() got unexpected keyword arguments: 'unity_price'
[2025-08-28 11:53:37,745] ERROR django.server: "POST /api/v1/sales/ HTTP/1.1" 500 119622
[2025-08-28 11:54:01,246] INFO django.utils.autoreload: C:\Users\juans\OneDrive - Service Marketing\Documentos\pdv_project\api\controller\sale\create.py changed, reloading.
[2025-08-28 11:54:02,402] INFO django.utils.autoreload: Watching for file changes with StatReloader
[2025-08-28 11:54:06,363] INFO api: Listando todos os produtos{'create_items': [{'product': '1f5959af-5710-4727-8396-334f3424db4c', 'quantity': 1}]}
[2025-08-28 11:54:06,393] INFO api: M彋odo create do SaleSerializer iniciado.
[2025-08-28 11:54:06,681] ERROR django.request: Internal Server Error: /api/v1/sales/
Traceback (most recent call last):
  File "C:\Users\juans\AppData\Local\Programs\Python\Python313\Lib\site-packages\django\core\handlers\exception.py", line 55, in inner
    response = get_response(request)
  File "C:\Users\juans\AppData\Local\Programs\Python\Python313\Lib\site-packages\django\core\handlers\base.py", line 197, in _get_response
    response = wrapped_callback(request, *callback_args, **callback_kwargs)
  File "C:\Users\juans\AppData\Local\Programs\Python\Python313\Lib\site-packages\django\views\decorators\csrf.py", line 65, in _view_wrapper
    return view_func(request, *args, **kwargs)
  File "C:\Users\juans\AppData\Local\Programs\Python\Python313\Lib\site-packages\django\views\generic\base.py", line 105, in view
    return self.dispatch(request, *args, **kwargs)
           ~~~~~~~~~~~~~^^^^^^^^^^^^^^^^^^^^^^^^^^
  File "C:\Users\juans\AppData\Local\Programs\Python\Python313\Lib\site-packages\rest_framework\views.py", line 517, in dispatch
    self.response = self.finalize_response(request, response, *args, **kwargs)
                    ~~~~~~~~~~~~~~~~~~~~~~^^^^^^^^^^^^^^^^^^^^^^^^^^^^^^^^^^^^
  File "C:\Users\juans\AppData\Local\Programs\Python\Python313\Lib\site-packages\rest_framework\views.py", line 429, in finalize_response
    assert isinstance(response, HttpResponseBase), (
           ~~~~~~~~~~^^^^^^^^^^^^^^^^^^^^^^^^^^^^
AssertionError: Expected a `Response`, `HttpResponse` or `StreamingHttpResponse` to be returned from the view, but received a `<class 'api.models.Sale'>`
[2025-08-28 11:54:06,684] ERROR django.server: "POST /api/v1/sales/ HTTP/1.1" 500 87006
[2025-08-28 11:56:41,970] INFO django.utils.autoreload: C:\Users\juans\OneDrive - Service Marketing\Documentos\pdv_project\api\controller\sale\create.py changed, reloading.
[2025-08-28 11:56:43,539] INFO django.utils.autoreload: Watching for file changes with StatReloader
[2025-08-28 11:58:29,367] INFO api: Listando todos os produtos{'create_items': [{'product': '1f5959af-5710-4727-8396-334f3424db4c', 'quantity': 1}]}
[2025-08-28 11:58:29,394] INFO api: M彋odo create do SaleSerializer iniciado.
[2025-08-28 11:58:29,803] INFO django.server: "POST /api/v1/sales/ HTTP/1.1" 201 155
[2025-08-28 11:58:40,460] INFO api: Listando todos os produtos{}
[2025-08-28 11:58:40,728] INFO django.server: "GET /api/v1/products/ HTTP/1.1" 200 136
[2025-08-28 11:58:51,156] INFO api: Listando todos os produtos{'create_items': [{'product': '1f5959af-5710-4727-8396-334f3424db4c', 'quantity': 5}]}
[2025-08-28 11:58:51,157] INFO api: M彋odo create do SaleSerializer iniciado.
[2025-08-28 11:58:51,397] INFO django.server: "POST /api/v1/sales/ HTTP/1.1" 201 155
[2025-08-28 11:58:56,220] INFO api: Listando todos os produtos{}
[2025-08-28 11:58:56,466] INFO django.server: "GET /api/v1/products/ HTTP/1.1" 200 136
[2025-08-28 11:59:12,995] INFO api: Listando todos os produtos{'create_items': [{'product': '1f5959af-5710-4727-8396-334f3424db4c', 'quantity': 10}]}
[2025-08-28 11:59:12,996] INFO api: M彋odo create do SaleSerializer iniciado.
[2025-08-28 11:59:13,255] INFO django.server: "POST /api/v1/sales/ HTTP/1.1" 201 156
[2025-08-28 11:59:16,348] INFO api: Listando todos os produtos{}
[2025-08-28 11:59:16,593] INFO django.server: "GET /api/v1/products/ HTTP/1.1" 200 136
[2025-08-28 12:00:05,133] WARNING django.request: Not Found: /api/v2/products/1f5959af-5710-4727-8396-334f3424db4c/
[2025-08-28 12:00:05,134] WARNING django.server: "PUT /api/v2/products/1f5959af-5710-4727-8396-334f3424db4c/ HTTP/1.1" 404 3152
[2025-08-28 12:00:32,128] WARNING django.request: Not Found: /api/v2/products/1f5959af-5710-4727-8396-334f3424db4c/
[2025-08-28 12:00:32,130] WARNING django.server: "PUT /api/v2/products/1f5959af-5710-4727-8396-334f3424db4c/ HTTP/1.1" 404 3152
[2025-08-28 12:08:38,170] INFO django.utils.autoreload: C:\Users\juans\OneDrive - Service Marketing\Documentos\pdv_project\pdv_project\settings.py changed, reloading.
